Using pre-set license
Built from '2021.2/staging' branch; Version is '2021.2.7f1 (6bd9e232123f) revision 7068130'; Using compiler version '192829333'; Build Type 'Release'
OS: 'Windows 11  (10.0.22523) 64bit Professional' Language: 'en' Physical Memory: 16334 MB
BatchMode: 1, IsHumanControllingUs: 0, StartBugReporterOnCrash: 0, Is64bit: 1, IsPro: 0

COMMAND LINE ARGUMENTS:
C:\Program Files\Unity\Hub\Editor\2021.2.7f1\Editor\Unity.exe
-adb2
-batchMode
-noUpm
-name
AssetImportWorker0
-projectPath
C:/Users/djd18/Michealangelo
-logFile
Logs/AssetImportWorker0.log
-srvPort
56107
Successfully changed project path to: C:/Users/djd18/Michealangelo
C:/Users/djd18/Michealangelo
[UnityMemory] Configuration Parameters - Can be set up in boot.config
    "memorysetup-bucket-allocator-granularity=16"
    "memorysetup-bucket-allocator-bucket-count=8"
    "memorysetup-bucket-allocator-block-size=33554432"
    "memorysetup-bucket-allocator-block-count=8"
    "memorysetup-main-allocator-block-size=16777216"
    "memorysetup-thread-allocator-block-size=16777216"
    "memorysetup-gfx-main-allocator-block-size=16777216"
    "memorysetup-gfx-thread-allocator-block-size=16777216"
    "memorysetup-cache-allocator-block-size=4194304"
    "memorysetup-typetree-allocator-block-size=2097152"
    "memorysetup-profiler-bucket-allocator-granularity=16"
    "memorysetup-profiler-bucket-allocator-bucket-count=8"
    "memorysetup-profiler-bucket-allocator-block-size=33554432"
    "memorysetup-profiler-bucket-allocator-block-count=8"
    "memorysetup-profiler-allocator-block-size=16777216"
    "memorysetup-profiler-editor-allocator-block-size=1048576"
    "memorysetup-temp-allocator-size-main=16777216"
    "memorysetup-job-temp-allocator-block-size=2097152"
    "memorysetup-job-temp-allocator-block-size-background=1048576"
    "memorysetup-job-temp-allocator-reduction-small-platforms=262144"
    "memorysetup-temp-allocator-size-background-worker=32768"
    "memorysetup-temp-allocator-size-job-worker=262144"
    "memorysetup-temp-allocator-size-preload-manager=33554432"
    "memorysetup-temp-allocator-size-nav-mesh-worker=65536"
    "memorysetup-temp-allocator-size-audio-worker=65536"
    "memorysetup-temp-allocator-size-cloud-worker=32768"
    "memorysetup-temp-allocator-size-gi-baking-worker=262144"
    "memorysetup-temp-allocator-size-gfx=262144"
Refreshing native plugins compatible for Editor in 75.58 ms, found 3 plugins.
Preloading 0 native plugins for Editor in 0.00 ms.
Initialize engine version: 2021.2.7f1 (6bd9e232123f)
[Subsystems] Discovering subsystems at path C:/Program Files/Unity/Hub/Editor/2021.2.7f1/Editor/Data/Resources/UnitySubsystems
[Subsystems] Discovering subsystems at path C:/Users/djd18/Michealangelo/Assets
GfxDevice: creating device client; threaded=0; jobified=0
Direct3D:
    Version:  Direct3D 11.0 [level 11.1]
    Renderer: Radeon RX Vega (ID=0x687f)
    Vendor:   ATI
    VRAM:     8120 MB
    Driver:   30.0.14011.3017
Initialize mono
Mono path[0] = 'C:/Program Files/Unity/Hub/Editor/2021.2.7f1/Editor/Data/Managed'
Mono path[1] = 'C:/Program Files/Unity/Hub/Editor/2021.2.7f1/Editor/Data/MonoBleedingEdge/lib/mono/unityjit-win32'
Mono config path = 'C:/Program Files/Unity/Hub/Editor/2021.2.7f1/Editor/Data/MonoBleedingEdge/etc'
Using monoOptions --debugger-agent=transport=dt_socket,embedding=1,server=y,suspend=n,address=127.0.0.1:56376
Begin MonoManager ReloadAssembly
Registering precompiled unity dll's ...
Register platform support module: C:/Program Files/Unity/Hub/Editor/2021.2.7f1/Editor/Data/PlaybackEngines/WebGLSupport/UnityEditor.WebGL.Extensions.dll
Register platform support module: C:/Program Files/Unity/Hub/Editor/2021.2.7f1/Editor/Data/PlaybackEngines/WindowsStandaloneSupport/UnityEditor.WindowsStandalone.Extensions.dll
Registered in 0.010750 seconds.
Native extension for WindowsStandalone target not found
Native extension for WebGL target not found
Refreshing native plugins compatible for Editor in 56.59 ms, found 3 plugins.
Preloading 0 native plugins for Editor in 0.00 ms.
Mono: successfully reloaded assembly
- Completed reload, in  0.898 seconds
Domain Reload Profiling:
	ReloadAssembly (899ms)
		BeginReloadAssembly (115ms)
			ExecutionOrderSort (0ms)
			DisableScriptedObjects (0ms)
			BackupInstance (0ms)
			ReleaseScriptingObjects (0ms)
			CreateAndSetChildDomain (1ms)
		EndReloadAssembly (645ms)
			LoadAssemblies (112ms)
			RebuildTransferFunctionScriptingTraits (0ms)
			SetupTypeCache (155ms)
			ReleaseScriptCaches (0ms)
			RebuildScriptCaches (43ms)
			SetupLoadedEditorAssemblies (364ms)
				LogAssemblyErrors (0ms)
				InitializePlatformSupportModulesInManaged (26ms)
				SetLoadedEditorAssemblies (0ms)
				RefreshPlugins (57ms)
				BeforeProcessingInitializeOnLoad (2ms)
				ProcessInitializeOnLoadAttributes (212ms)
				ProcessInitializeOnLoadMethodAttributes (66ms)
				AfterProcessingInitializeOnLoad (0ms)
				EditorAssembliesLoaded (0ms)
			ExecutionOrderSort2 (0ms)
			AwakeInstancesAfterBackupRestoration (0ms)
Platform modules already initialized, skipping
Registering precompiled user dll's ...
Registered in 0.009431 seconds.
Begin MonoManager ReloadAssembly
Native extension for WindowsStandalone target not found
Native extension for WebGL target not found
Refreshing native plugins compatible for Editor in 54.87 ms, found 3 plugins.
Preloading 0 native plugins for Editor in 0.00 ms.
Mono: successfully reloaded assembly
- Completed reload, in  1.729 seconds
Domain Reload Profiling:
	ReloadAssembly (1730ms)
		BeginReloadAssembly (161ms)
			ExecutionOrderSort (0ms)
			DisableScriptedObjects (9ms)
			BackupInstance (0ms)
			ReleaseScriptingObjects (0ms)
			CreateAndSetChildDomain (25ms)
		EndReloadAssembly (1418ms)
			LoadAssemblies (116ms)
			RebuildTransferFunctionScriptingTraits (0ms)
			SetupTypeCache (278ms)
			ReleaseScriptCaches (1ms)
			RebuildScriptCaches (66ms)
			SetupLoadedEditorAssemblies (897ms)
				LogAssemblyErrors (0ms)
				InitializePlatformSupportModulesInManaged (19ms)
				SetLoadedEditorAssemblies (0ms)
				RefreshPlugins (55ms)
				BeforeProcessingInitializeOnLoad (88ms)
				ProcessInitializeOnLoadAttributes (671ms)
				ProcessInitializeOnLoadMethodAttributes (52ms)
				AfterProcessingInitializeOnLoad (11ms)
				EditorAssembliesLoaded (0ms)
			ExecutionOrderSort2 (0ms)
			AwakeInstancesAfterBackupRestoration (9ms)
Platform modules already initialized, skipping
========================================================================
Worker process is ready to serve import requests
Launched and connected shader compiler UnityShaderCompiler.exe after 0.08 seconds
Refreshing native plugins compatible for Editor in 0.56 ms, found 3 plugins.
Preloading 0 native plugins for Editor in 0.00 ms.
Unloading 2307 Unused Serialized files (Serialized files now loaded: 0)
Unloading 33 unused Assets / (55.7 KB). Loaded Objects now: 2766.
Memory consumption went from 104.7 MB to 104.7 MB.
Total: 6.296800 ms (FindLiveObjects: 0.304900 ms CreateObjectMapping: 0.110900 ms MarkObjects: 5.760000 ms  DeleteObjects: 0.118400 ms)

AssetImportParameters requested are different than current active one (requested -> active):
  custom:video-decoder-ogg-theora: a1e56fd34408186e4bbccfd4996cb3dc -> 
  custom:container-muxer-webm: aa71ff27fc2769a1b78a27578f13a17b -> 
  custom:container-demuxer-webm: 4f35f7cbe854078d1ac9338744f61a02 -> 
  custom:video-encoder-webm-vp8: eb34c28f22e8b96e1ab97ce403110664 -> 
  custom:audio-encoder-webm-vorbis: bf7c407c2cedff20999df2af8eb42d56 -> 
  custom:framework-win-MediaFoundation: 216162199b28c13a410421893ffa2e32 -> 
  custom:container-demuxer-ogg: 62fdf1f143b41e24485cea50d1cbac27 -> 
  custom:video-decoder-webm-vp8: 9c59270c3fd7afecdb556c50c9e8de78 -> 
  custom:audio-decoder-ogg-vorbis: bf7c407c2cedff20999df2af8eb42d56 -> 
========================================================================
Received Import Request.
  Time since last request: 872921.186527 seconds.
  path: Assets/michealangelo.png
  artifactKey: Guid(a08c7cecbe7d1e641af27053db0bc6ed) Importer(815301076,1909f56bfc062723c751e8b465ee728b)
Start importing Assets/michealangelo.png using Guid(a08c7cecbe7d1e641af27053db0bc6ed) Importer(815301076,1909f56bfc062723c751e8b465ee728b)  -> (artifact id: 'd8a6ca544fa3bc8e40b212d387836e32') in 0.327822 seconds 
========================================================================
Received Import Request.
  Time since last request: 158.055615 seconds.
  path: Assets/michealangelo.png
  artifactKey: Guid(a08c7cecbe7d1e641af27053db0bc6ed) Importer(815301076,1909f56bfc062723c751e8b465ee728b)
Start importing Assets/michealangelo.png using Guid(a08c7cecbe7d1e641af27053db0bc6ed) Importer(815301076,1909f56bfc062723c751e8b465ee728b)  -> (artifact id: '94f98345e19b40eef448d272ec7ab155') in 0.078281 seconds 
========================================================================
Received Import Request.
  Time since last request: 31.215939 seconds.
  path: Assets/michealangelo.anim
  artifactKey: Guid(ac9aceeacfcf6b74788e5bea0f9f350c) Importer(815301076,1909f56bfc062723c751e8b465ee728b)
Start importing Assets/michealangelo.anim using Guid(ac9aceeacfcf6b74788e5bea0f9f350c) Importer(815301076,1909f56bfc062723c751e8b465ee728b)  -> (artifact id: '37cec3a6594e535eb5d0a26e0d7c08a0') in 0.014315 seconds 
========================================================================
Received Import Request.
  Time since last request: 328.524149 seconds.
  path: Assets/michealangelo_0.controller
  artifactKey: Guid(b86df803781415d488496b7f66857350) Importer(815301076,1909f56bfc062723c751e8b465ee728b)
Start importing Assets/michealangelo_0.controller using Guid(b86df803781415d488496b7f66857350) Importer(815301076,1909f56bfc062723c751e8b465ee728b)  -> (artifact id: '472ac6b8765724508b133fb91712b300') in 0.021465 seconds 
========================================================================
Received Import Request.
  Time since last request: 4.022286 seconds.
  path: Assets/michealangelo.anim
  artifactKey: Guid(ac9aceeacfcf6b74788e5bea0f9f350c) Importer(815301076,1909f56bfc062723c751e8b465ee728b)
Start importing Assets/michealangelo.anim using Guid(ac9aceeacfcf6b74788e5bea0f9f350c) Importer(815301076,1909f56bfc062723c751e8b465ee728b)  -> (artifact id: '18cf81f3530555e1d2962e7d1d447354') in 0.008115 seconds 
========================================================================
Received Import Request.
  Time since last request: 150.154487 seconds.
  path: Assets/michealangelo.png
  artifactKey: Guid(a08c7cecbe7d1e641af27053db0bc6ed) Importer(815301076,1909f56bfc062723c751e8b465ee728b)
Start importing Assets/michealangelo.png using Guid(a08c7cecbe7d1e641af27053db0bc6ed) Importer(815301076,1909f56bfc062723c751e8b465ee728b)  -> (artifact id: 'dfa52370ee5510badcaad1286bc0c9f8') in 0.244055 seconds 
========================================================================
Received Import Request.
  Time since last request: 20.484380 seconds.
  path: Assets/michealangelo.png
  artifactKey: Guid(a08c7cecbe7d1e641af27053db0bc6ed) Importer(815301076,1909f56bfc062723c751e8b465ee728b)
Start importing Assets/michealangelo.png using Guid(a08c7cecbe7d1e641af27053db0bc6ed) Importer(815301076,1909f56bfc062723c751e8b465ee728b)  -> (artifact id: 'bc1be864aef3500b5d88c0c3c67b009e') in 0.122349 seconds 
========================================================================
Received Import Request.
  Time since last request: 242.185695 seconds.
  path: Assets/New Animator Controller.controller
  artifactKey: Guid(ac09101fa7220394f94a63a9ac99f21b) Importer(815301076,1909f56bfc062723c751e8b465ee728b)
Start importing Assets/New Animator Controller.controller using Guid(ac09101fa7220394f94a63a9ac99f21b) Importer(815301076,1909f56bfc062723c751e8b465ee728b)  -> (artifact id: '9e76c531b0beec075f10553aceac8b02') in 0.014430 seconds 
========================================================================
Received Import Request.
  Time since last request: 3.202799 seconds.
  path: Assets/michealangelo_0.controller
  artifactKey: Guid(b86df803781415d488496b7f66857350) Importer(815301076,1909f56bfc062723c751e8b465ee728b)
Start importing Assets/michealangelo_0.controller using Guid(b86df803781415d488496b7f66857350) Importer(815301076,1909f56bfc062723c751e8b465ee728b)  -> (artifact id: '0ad1d0e9a9dc1a658181bfbbffabceb2') in 0.008649 seconds 
========================================================================
Received Import Request.
  Time since last request: 553.588866 seconds.
  path: Packages/com.unity.2d.animation/package.json
  artifactKey: Guid(9e83c20a8293f44ec8a375d3805f477d) Importer(815301076,1909f56bfc062723c751e8b465ee728b)
Start importing Packages/com.unity.2d.animation/package.json using Guid(9e83c20a8293f44ec8a375d3805f477d) Importer(815301076,1909f56bfc062723c751e8b465ee728b)  -> (artifact id: '956cc0d3d27efb57e747e21e5fd9d794') in 0.038751 seconds 
========================================================================
Received Import Request.
  Time since last request: 6.141502 seconds.
  path: Packages/com.unity.2d.animation/README.md
  artifactKey: Guid(f497b12fab15d4d2eabb5029505fec1a) Importer(815301076,1909f56bfc062723c751e8b465ee728b)
Start importing Packages/com.unity.2d.animation/README.md using Guid(f497b12fab15d4d2eabb5029505fec1a) Importer(815301076,1909f56bfc062723c751e8b465ee728b)  -> (artifact id: '3ae3373a1197be02aa7aa2a1bcde09b6') in 0.041694 seconds 
========================================================================
Received Import Request.
  Time since last request: 100.249677 seconds.
  path: Assets
  artifactKey: Guid(00000000000000001000000000000000) Importer(815301076,1909f56bfc062723c751e8b465ee728b)
Start importing Assets using Guid(00000000000000001000000000000000) Importer(815301076,1909f56bfc062723c751e8b465ee728b)  -> (artifact id: '79842766b460edbeab6a34051e857a80') in 0.013902 seconds 
========================================================================
Received Import Request.
  Time since last request: 9.736416 seconds.
  path: Assets/michealangelo.psd
  artifactKey: Guid(0c113dbc64fdd9249a3b62fcd868be36) Importer(815301076,1909f56bfc062723c751e8b465ee728b)
Start importing Assets/michealangelo.psd using Guid(0c113dbc64fdd9249a3b62fcd868be36) Importer(815301076,1909f56bfc062723c751e8b465ee728b)  -> (artifact id: '94cd08d5a4936ab34185d62dd29f773d') in 0.113345 seconds 
========================================================================
Received Import Request.
  Time since last request: 9.030102 seconds.
  path: Assets/michealangelo.psd
  artifactKey: Guid(0c113dbc64fdd9249a3b62fcd868be36) Importer(815301076,1909f56bfc062723c751e8b465ee728b)
Start importing Assets/michealangelo.psd using Guid(0c113dbc64fdd9249a3b62fcd868be36) Importer(815301076,1909f56bfc062723c751e8b465ee728b)  -> (artifact id: '5c6e10cfb12a2b98703f41a4ef9e1eee') in 0.019615 seconds 
========================================================================
Received Import Request.
  Time since last request: 8.922824 seconds.
  path: Assets/michealangelo.psd
  artifactKey: Guid(0c113dbc64fdd9249a3b62fcd868be36) Importer(815301076,1909f56bfc062723c751e8b465ee728b)
Start importing Assets/michealangelo.psd using Guid(0c113dbc64fdd9249a3b62fcd868be36) Importer(815301076,1909f56bfc062723c751e8b465ee728b)  -> (artifact id: '3e8f45290f2dede5afe58ac1ce48e74d') in 0.103580 seconds 
========================================================================
Received Import Request.
  Time since last request: 69.079243 seconds.
  path: Assets/michealangelo.png
  artifactKey: Guid(a08c7cecbe7d1e641af27053db0bc6ed) Importer(815301076,1909f56bfc062723c751e8b465ee728b)
Start importing Assets/michealangelo.png using Guid(a08c7cecbe7d1e641af27053db0bc6ed) Importer(815301076,1909f56bfc062723c751e8b465ee728b)  -> (artifact id: '46194e64a460c570099707d36b45c747') in 0.108144 seconds 
========================================================================
Received Import Request.
  Time since last request: 48.736050 seconds.
  path: Assets/michealangelo.png
  artifactKey: Guid(a08c7cecbe7d1e641af27053db0bc6ed) Importer(815301076,1909f56bfc062723c751e8b465ee728b)
Start importing Assets/michealangelo.png using Guid(a08c7cecbe7d1e641af27053db0bc6ed) Importer(815301076,1909f56bfc062723c751e8b465ee728b)  -> (artifact id: '2fb38fdd8804385beb847dad906add18') in 0.123360 seconds 
========================================================================
Received Prepare
Registering precompiled user dll's ...
Registered in 0.016146 seconds.
Begin MonoManager ReloadAssembly
Native extension for WindowsStandalone target not found
Native extension for WebGL target not found
Refreshing native plugins compatible for Editor in 56.50 ms, found 3 plugins.
Preloading 0 native plugins for Editor in 0.00 ms.
Mono: successfully reloaded assembly
- Completed reload, in  1.760 seconds
Domain Reload Profiling:
	ReloadAssembly (1761ms)
		BeginReloadAssembly (231ms)
			ExecutionOrderSort (0ms)
			DisableScriptedObjects (22ms)
			BackupInstance (0ms)
			ReleaseScriptingObjects (0ms)
			CreateAndSetChildDomain (78ms)
		EndReloadAssembly (1382ms)
			LoadAssemblies (120ms)
			RebuildTransferFunctionScriptingTraits (0ms)
			SetupTypeCache (319ms)
			ReleaseScriptCaches (1ms)
			RebuildScriptCaches (80ms)
			SetupLoadedEditorAssemblies (749ms)
				LogAssemblyErrors (0ms)
				InitializePlatformSupportModulesInManaged (17ms)
				SetLoadedEditorAssemblies (0ms)
				RefreshPlugins (57ms)
				BeforeProcessingInitializeOnLoad (78ms)
				ProcessInitializeOnLoadAttributes (539ms)
				ProcessInitializeOnLoadMethodAttributes (47ms)
				AfterProcessingInitializeOnLoad (11ms)
				EditorAssembliesLoaded (0ms)
			ExecutionOrderSort2 (0ms)
			AwakeInstancesAfterBackupRestoration (30ms)
Platform modules already initialized, skipping
Refreshing native plugins compatible for Editor in 0.72 ms, found 3 plugins.
Preloading 0 native plugins for Editor in 0.00 ms.
Unloading 2298 Unused Serialized files (Serialized files now loaded: 0)
Unloading 22 unused Assets / (24.8 KB). Loaded Objects now: 2916.
Memory consumption went from 115.6 MB to 115.6 MB.
Total: 5.641200 ms (FindLiveObjects: 0.320400 ms CreateObjectMapping: 0.078700 ms MarkObjects: 5.111500 ms  DeleteObjects: 0.129100 ms)

AssetImportParameters requested are different than current active one (requested -> active):
  custom:video-decoder-ogg-theora: a1e56fd34408186e4bbccfd4996cb3dc -> 
  custom:container-muxer-webm: aa71ff27fc2769a1b78a27578f13a17b -> 
  custom:container-demuxer-webm: 4f35f7cbe854078d1ac9338744f61a02 -> 
  custom:video-encoder-webm-vp8: eb34c28f22e8b96e1ab97ce403110664 -> 
  custom:audio-encoder-webm-vorbis: bf7c407c2cedff20999df2af8eb42d56 -> 
  custom:framework-win-MediaFoundation: 216162199b28c13a410421893ffa2e32 -> 
  custom:container-demuxer-ogg: 62fdf1f143b41e24485cea50d1cbac27 -> 
  custom:video-decoder-webm-vp8: 9c59270c3fd7afecdb556c50c9e8de78 -> 
  custom:audio-decoder-ogg-vorbis: bf7c407c2cedff20999df2af8eb42d56 -> 
